# JRE version: Java(TM) SE Runtime Environment (8.0_152-b16) (build 1.8.0_152-b16)
# Java VM: Java HotSpot(TM) 64-Bit Server VM (25.152-b16 mixed mode linux-amd64 compressed oops)
Heap:
 PSYoungGen      total 130560K, used 37021K [0x00000000d7600000, 0x00000000dfd00000, 0x0000000100000000)
  eden space 124416K, 26% used [0x00000000d7600000,0x00000000d96a1190,0x00000000def80000)
  from space 6144K, 58% used [0x00000000df600000,0x00000000df986538,0x00000000dfc00000)
  to   space 6656K, 0% used [0x00000000def80000,0x00000000def80000,0x00000000df600000)
 ParOldGen       total 83456K, used 953K [0x0000000086200000, 0x000000008b380000, 0x00000000d7600000)
  object space 83456K, 1% used [0x0000000086200000,0x00000000862ee598,0x000000008b380000)
 Metaspace       used 9703K, capacity 9894K, committed 10112K, reserved 1058816K
  class space    used 1026K, capacity 1095K, committed 1152K, reserved 1048576K
GC Heap History (10 events):
Event: 2.969 GC heap before
{Heap before GC invocations=2 (full 0):
 PSYoungGen      total 36352K, used 36327K [0x00000000d7600000, 0x00000000d9e80000, 0x0000000100000000)
  eden space 31232K, 100% used [0x00000000d7600000,0x00000000d9480000,0x00000000d9480000)
  from space 5120K, 99% used [0x00000000d9480000,0x00000000d9979d98,0x00000000d9980000)
  to   space 5120K, 0% used [0x00000000d9980000,0x00000000d9980000,0x00000000d9e80000)
 ParOldGen       total 83456K, used 881K [0x0000000086200000, 0x000000008b380000, 0x00000000d7600000)
  object space 83456K, 1% used [0x0000000086200000,0x00000000862dc598,0x000000008b380000)
 Metaspace       used 9038K, capacity 9230K, committed 9600K, reserved 1058816K
  class space    used 979K, capacity 1027K, committed 1152K, reserved 1048576K
Event: 2.973 GC heap after
Heap after GC invocations=2 (full 0):
 PSYoungGen      total 36352K, used 3461K [0x00000000d7600000, 0x00000000d9e80000, 0x0000000100000000)
  eden space 31232K, 0% used [0x00000000d7600000,0x00000000d7600000,0x00000000d9480000)
  from space 5120K, 67% used [0x00000000d9980000,0x00000000d9ce1638,0x00000000d9e80000)
  to   space 5120K, 0% used [0x00000000d9480000,0x00000000d9480000,0x00000000d9980000)
 ParOldGen       total 83456K, used 889K [0x0000000086200000, 0x000000008b380000, 0x00000000d7600000)
  object space 83456K, 1% used [0x0000000086200000,0x00000000862de598,0x000000008b380000)
 Metaspace       used 9038K, capacity 9230K, committed 9600K, reserved 1058816K
  class space    used 979K, capacity 1027K, committed 1152K, reserved 1048576K
}
Event: 3.046 GC heap before
{Heap before GC invocations=3 (full 0):
 PSYoungGen      total 36352K, used 34674K [0x00000000d7600000, 0x00000000d9e80000, 0x0000000100000000)
  eden space 31232K, 99% used [0x00000000d7600000,0x00000000d947b388,0x00000000d9480000)
  from space 5120K, 67% used [0x00000000d9980000,0x00000000d9ce1638,0x00000000d9e80000)
  to   space 5120K, 0% used [0x00000000d9480000,0x00000000d9480000,0x00000000d9980000)
 ParOldGen       total 83456K, used 889K [0x0000000086200000, 0x000000008b380000, 0x00000000d7600000)
  object space 83456K, 1% used [0x0000000086200000,0x00000000862de598,0x000000008b380000)
 Metaspace       used 9096K, capacity 9294K, committed 9600K, reserved 1058816K
  class space    used 979K, capacity 1027K, committed 1152K, reserved 1048576K
Event: 3.049 GC heap after
Heap after GC invocations=3 (full 0):
 PSYoungGen      total 36352K, used 5000K [0x00000000d7600000, 0x00000000dbd00000, 0x0000000100000000)
  eden space 31232K, 0% used [0x00000000d7600000,0x00000000d7600000,0x00000000d9480000)
  from space 5120K, 97% used [0x00000000d9480000,0x00000000d99623c0,0x00000000d9980000)
  to   space 5120K, 0% used [0x00000000db800000,0x00000000db800000,0x00000000dbd00000)
 ParOldGen       total 83456K, used 897K [0x0000000086200000, 0x000000008b380000, 0x00000000d7600000)
  object space 83456K, 1% used [0x0000000086200000,0x00000000862e0598,0x000000008b380000)
 Metaspace       used 9096K, capacity 9294K, committed 9600K, reserved 1058816K
  class space    used 979K, capacity 1027K, committed 1152K, reserved 1048576K
}
Event: 3.136 GC heap before
{Heap before GC invocations=4 (full 0):
 PSYoungGen      total 36352K, used 36232K [0x00000000d7600000, 0x00000000dbd00000, 0x0000000100000000)
  eden space 31232K, 100% used [0x00000000d7600000,0x00000000d9480000,0x00000000d9480000)
  from space 5120K, 97% used [0x00000000d9480000,0x00000000d99623c0,0x00000000d9980000)
  to   space 5120K, 0% used [0x00000000db800000,0x00000000db800000,0x00000000dbd00000)
 ParOldGen       total 83456K, used 897K [0x0000000086200000, 0x000000008b380000, 0x00000000d7600000)
  object space 83456K, 1% used [0x0000000086200000,0x00000000862e0598,0x000000008b380000)
 Metaspace       used 9160K, capacity 9294K, committed 9600K, reserved 1058816K
  class space    used 979K, capacity 1027K, committed 1152K, reserved 1048576K
Event: 3.140 GC heap after
Heap after GC invocations=4 (full 0):
 PSYoungGen      total 67584K, used 4343K [0x00000000d7600000, 0x00000000dbd00000, 0x0000000100000000)
  eden space 62464K, 0% used [0x00000000d7600000,0x00000000d7600000,0x00000000db300000)
  from space 5120K, 84% used [0x00000000db800000,0x00000000dbc3df90,0x00000000dbd00000)
  to   space 5120K, 0% used [0x00000000db300000,0x00000000db300000,0x00000000db800000)
 ParOldGen       total 83456K, used 905K [0x0000000086200000, 0x000000008b380000, 0x00000000d7600000)
  object space 83456K, 1% used [0x0000000086200000,0x00000000862e2598,0x000000008b380000)
 Metaspace       used 9160K, capacity 9294K, committed 9600K, reserved 1058816K
  class space    used 979K, capacity 1027K, committed 1152K, reserved 1048576K
}
Event: 3.294 GC heap before
{Heap before GC invocations=5 (full 0):
 PSYoungGen      total 67584K, used 66807K [0x00000000d7600000, 0x00000000dbd00000, 0x0000000100000000)
  eden space 62464K, 100% used [0x00000000d7600000,0x00000000db300000,0x00000000db300000)
  from space 5120K, 84% used [0x00000000db800000,0x00000000dbc3df90,0x00000000dbd00000)
  to   space 5120K, 0% used [0x00000000db300000,0x00000000db300000,0x00000000db800000)
 ParOldGen       total 83456K, used 905K [0x0000000086200000, 0x000000008b380000, 0x00000000d7600000)
  object space 83456K, 1% used [0x0000000086200000,0x00000000862e2598,0x000000008b380000)
 Metaspace       used 9222K, capacity 9364K, committed 9600K, reserved 1058816K
  class space    used 980K, capacity 1028K, committed 1152K, reserved 1048576K
Event: 3.299 GC heap after
Heap after GC invocations=5 (full 0):
 PSYoungGen      total 67584K, used 5118K [0x00000000d7600000, 0x00000000dfc00000, 0x0000000100000000)
  eden space 62464K, 0% used [0x00000000d7600000,0x00000000d7600000,0x00000000db300000)
  from space 5120K, 99% used [0x00000000db300000,0x00000000db7ffbc0,0x00000000db800000)
  to   space 6144K, 0% used [0x00000000df600000,0x00000000df600000,0x00000000dfc00000)
 ParOldGen       total 83456K, used 945K [0x0000000086200000, 0x000000008b380000, 0x00000000d7600000)
  object space 83456K, 1% used [0x0000000086200000,0x00000000862ec598,0x000000008b380000)
 Metaspace       used 9222K, capacity 9364K, committed 9600K, reserved 1058816K
  class space    used 980K, capacity 1028K, committed 1152K, reserved 1048576K
}
Event: 386.264 GC heap before
{Heap before GC invocations=6 (full 0):
 PSYoungGen      total 67584K, used 67582K [0x00000000d7600000, 0x00000000dfc00000, 0x0000000100000000)
  eden space 62464K, 100% used [0x00000000d7600000,0x00000000db300000,0x00000000db300000)
  from space 5120K, 99% used [0x00000000db300000,0x00000000db7ffbc0,0x00000000db800000)
  to   space 6144K, 0% used [0x00000000df600000,0x00000000df600000,0x00000000dfc00000)
 ParOldGen       total 83456K, used 945K [0x0000000086200000, 0x000000008b380000, 0x00000000d7600000)
  object space 83456K, 1% used [0x0000000086200000,0x00000000862ec598,0x000000008b380000)
 Metaspace       used 9643K, capacity 9818K, committed 10112K, reserved 1058816K
  class space    used 1025K, capacity 1093K, committed 1152K, reserved 1048576K
Event: 386.273 GC heap after
Heap after GC invocations=6 (full 0):
 PSYoungGen      total 130560K, used 3609K [0x00000000d7600000, 0x00000000dfd00000, 0x0000000100000000)
  eden space 124416K, 0% used [0x00000000d7600000,0x00000000d7600000,0x00000000def80000)
  from space 6144K, 58% used [0x00000000df600000,0x00000000df986538,0x00000000dfc00000)
  to   space 6656K, 0% used [0x00000000def80000,0x00000000def80000,0x00000000df600000)
 ParOldGen       total 83456K, used 953K [0x0000000086200000, 0x000000008b380000, 0x00000000d7600000)
  object space 83456K, 1% used [0x0000000086200000,0x00000000862ee598,0x000000008b380000)
 Metaspace       used 9643K, capacity 9818K, committed 10112K, reserved 1058816K
  class space    used 1025K, capacity 1093K, committed 1152K, reserved 1048576K
}

