# JRE version: Java(TM) SE Runtime Environment (8.0_152-b16) (build 1.8.0_152-b16)
# Java VM: Java HotSpot(TM) 64-Bit Server VM (25.152-b16 mixed mode linux-amd64 compressed oops)
Heap:
 PSYoungGen      total 130048K, used 31557K [0x00000000d7600000, 0x00000000e7600000, 0x0000000100000000)
  eden space 124928K, 22% used [0x00000000d7600000,0x00000000d90db270,0x00000000df000000)
  from space 5120K, 79% used [0x00000000df000000,0x00000000df3f6528,0x00000000df500000)
  to   space 6144K, 0% used [0x00000000e7000000,0x00000000e7000000,0x00000000e7600000)
 ParOldGen       total 83456K, used 1038K [0x0000000086200000, 0x000000008b380000, 0x00000000d7600000)
  object space 83456K, 1% used [0x0000000086200000,0x00000000863038c0,0x000000008b380000)
 Metaspace       used 9726K, capacity 9882K, committed 10112K, reserved 1058816K
  class space    used 1027K, capacity 1095K, committed 1152K, reserved 1048576K
GC Heap History (10 events):
Event: 1.182 GC heap before
{Heap before GC invocations=1 (full 0):
 PSYoungGen      total 36352K, used 31181K [0x00000000d7600000, 0x00000000d9e80000, 0x0000000100000000)
  eden space 31232K, 99% used [0x00000000d7600000,0x00000000d9473628,0x00000000d9480000)
  from space 5120K, 0% used [0x00000000d9980000,0x00000000d9980000,0x00000000d9e80000)
  to   space 5120K, 0% used [0x00000000d9480000,0x00000000d9480000,0x00000000d9980000)
 ParOldGen       total 83456K, used 0K [0x0000000086200000, 0x000000008b380000, 0x00000000d7600000)
  object space 83456K, 0% used [0x0000000086200000,0x0000000086200000,0x000000008b380000)
 Metaspace       used 8958K, capacity 9090K, committed 9344K, reserved 1056768K
  class space    used 968K, capacity 1027K, committed 1152K, reserved 1048576K
Event: 1.195 GC heap after
Heap after GC invocations=1 (full 0):
 PSYoungGen      total 36352K, used 5095K [0x00000000d7600000, 0x00000000dbd00000, 0x0000000100000000)
  eden space 31232K, 0% used [0x00000000d7600000,0x00000000d7600000,0x00000000d9480000)
  from space 5120K, 99% used [0x00000000d9480000,0x00000000d9979e18,0x00000000d9980000)
  to   space 5120K, 0% used [0x00000000db800000,0x00000000db800000,0x00000000dbd00000)
 ParOldGen       total 83456K, used 1006K [0x0000000086200000, 0x000000008b380000, 0x00000000d7600000)
  object space 83456K, 1% used [0x0000000086200000,0x00000000862fb8c0,0x000000008b380000)
 Metaspace       used 8958K, capacity 9090K, committed 9344K, reserved 1056768K
  class space    used 968K, capacity 1027K, committed 1152K, reserved 1048576K
}
Event: 1.645 GC heap before
{Heap before GC invocations=2 (full 0):
 PSYoungGen      total 36352K, used 36327K [0x00000000d7600000, 0x00000000dbd00000, 0x0000000100000000)
  eden space 31232K, 100% used [0x00000000d7600000,0x00000000d9480000,0x00000000d9480000)
  from space 5120K, 99% used [0x00000000d9480000,0x00000000d9979e18,0x00000000d9980000)
  to   space 5120K, 0% used [0x00000000db800000,0x00000000db800000,0x00000000dbd00000)
 ParOldGen       total 83456K, used 1006K [0x0000000086200000, 0x000000008b380000, 0x00000000d7600000)
  object space 83456K, 1% used [0x0000000086200000,0x00000000862fb8c0,0x000000008b380000)
 Metaspace       used 9049K, capacity 9218K, committed 9344K, reserved 1056768K
  class space    used 980K, capacity 1027K, committed 1152K, reserved 1048576K
Event: 1.651 GC heap after
Heap after GC invocations=2 (full 0):
 PSYoungGen      total 67584K, used 3391K [0x00000000d7600000, 0x00000000dbd00000, 0x0000000100000000)
  eden space 62464K, 0% used [0x00000000d7600000,0x00000000d7600000,0x00000000db300000)
  from space 5120K, 66% used [0x00000000db800000,0x00000000dbb4fdb8,0x00000000dbd00000)
  to   space 5120K, 0% used [0x00000000db300000,0x00000000db300000,0x00000000db800000)
 ParOldGen       total 83456K, used 1014K [0x0000000086200000, 0x000000008b380000, 0x00000000d7600000)
  object space 83456K, 1% used [0x0000000086200000,0x00000000862fd8c0,0x000000008b380000)
 Metaspace       used 9049K, capacity 9218K, committed 9344K, reserved 1056768K
  class space    used 980K, capacity 1027K, committed 1152K, reserved 1048576K
}
Event: 1.837 GC heap before
{Heap before GC invocations=3 (full 0):
 PSYoungGen      total 67584K, used 65828K [0x00000000d7600000, 0x00000000dbd00000, 0x0000000100000000)
  eden space 62464K, 99% used [0x00000000d7600000,0x00000000db2f9270,0x00000000db300000)
  from space 5120K, 66% used [0x00000000db800000,0x00000000dbb4fdb8,0x00000000dbd00000)
  to   space 5120K, 0% used [0x00000000db300000,0x00000000db300000,0x00000000db800000)
 ParOldGen       total 83456K, used 1014K [0x0000000086200000, 0x000000008b380000, 0x00000000d7600000)
  object space 83456K, 1% used [0x0000000086200000,0x00000000862fd8c0,0x000000008b380000)
 Metaspace       used 9172K, capacity 9282K, committed 9600K, reserved 1058816K
  class space    used 980K, capacity 1027K, committed 1152K, reserved 1048576K
Event: 1.841 GC heap after
Heap after GC invocations=3 (full 0):
 PSYoungGen      total 67584K, used 3972K [0x00000000d7600000, 0x00000000dfa00000, 0x0000000100000000)
  eden space 62464K, 0% used [0x00000000d7600000,0x00000000d7600000,0x00000000db300000)
  from space 5120K, 77% used [0x00000000db300000,0x00000000db6e1118,0x00000000db800000)
  to   space 5120K, 0% used [0x00000000df500000,0x00000000df500000,0x00000000dfa00000)
 ParOldGen       total 83456K, used 1022K [0x0000000086200000, 0x000000008b380000, 0x00000000d7600000)
  object space 83456K, 1% used [0x0000000086200000,0x00000000862ff8c0,0x000000008b380000)
 Metaspace       used 9172K, capacity 9282K, committed 9600K, reserved 1058816K
  class space    used 980K, capacity 1027K, committed 1152K, reserved 1048576K
}
Event: 1.993 GC heap before
{Heap before GC invocations=4 (full 0):
 PSYoungGen      total 67584K, used 66425K [0x00000000d7600000, 0x00000000dfa00000, 0x0000000100000000)
  eden space 62464K, 99% used [0x00000000d7600000,0x00000000db2fd4a8,0x00000000db300000)
  from space 5120K, 77% used [0x00000000db300000,0x00000000db6e1118,0x00000000db800000)
  to   space 5120K, 0% used [0x00000000df500000,0x00000000df500000,0x00000000dfa00000)
 ParOldGen       total 83456K, used 1022K [0x0000000086200000, 0x000000008b380000, 0x00000000d7600000)
  object space 83456K, 1% used [0x0000000086200000,0x00000000862ff8c0,0x000000008b380000)
 Metaspace       used 9233K, capacity 9416K, committed 9600K, reserved 1058816K
  class space    used 980K, capacity 1028K, committed 1152K, reserved 1048576K
Event: 1.997 GC heap after
Heap after GC invocations=4 (full 0):
 PSYoungGen      total 130048K, used 4988K [0x00000000d7600000, 0x00000000dfa00000, 0x0000000100000000)
  eden space 124928K, 0% used [0x00000000d7600000,0x00000000d7600000,0x00000000df000000)
  from space 5120K, 97% used [0x00000000df500000,0x00000000df9df2f0,0x00000000dfa00000)
  to   space 5120K, 0% used [0x00000000df000000,0x00000000df000000,0x00000000df500000)
 ParOldGen       total 83456K, used 1030K [0x0000000086200000, 0x000000008b380000, 0x00000000d7600000)
  object space 83456K, 1% used [0x0000000086200000,0x00000000863018c0,0x000000008b380000)
 Metaspace       used 9233K, capacity 9416K, committed 9600K, reserved 1058816K
  class space    used 980K, capacity 1028K, committed 1152K, reserved 1048576K
}
Event: 33.899 GC heap before
{Heap before GC invocations=5 (full 0):
 PSYoungGen      total 130048K, used 129916K [0x00000000d7600000, 0x00000000dfa00000, 0x0000000100000000)
  eden space 124928K, 100% used [0x00000000d7600000,0x00000000df000000,0x00000000df000000)
  from space 5120K, 97% used [0x00000000df500000,0x00000000df9df2f0,0x00000000dfa00000)
  to   space 5120K, 0% used [0x00000000df000000,0x00000000df000000,0x00000000df500000)
 ParOldGen       total 83456K, used 1030K [0x0000000086200000, 0x000000008b380000, 0x00000000d7600000)
  object space 83456K, 1% used [0x0000000086200000,0x00000000863018c0,0x000000008b380000)
 Metaspace       used 9709K, capacity 9882K, committed 10112K, reserved 1058816K
  class space    used 1027K, capacity 1095K, committed 1152K, reserved 1048576K
Event: 33.910 GC heap after
Heap after GC invocations=5 (full 0):
 PSYoungGen      total 130048K, used 4057K [0x00000000d7600000, 0x00000000e7600000, 0x0000000100000000)
  eden space 124928K, 0% used [0x00000000d7600000,0x00000000d7600000,0x00000000df000000)
  from space 5120K, 79% used [0x00000000df000000,0x00000000df3f6528,0x00000000df500000)
  to   space 6144K, 0% used [0x00000000e7000000,0x00000000e7000000,0x00000000e7600000)
 ParOldGen       total 83456K, used 1038K [0x0000000086200000, 0x000000008b380000, 0x00000000d7600000)
  object space 83456K, 1% used [0x0000000086200000,0x00000000863038c0,0x000000008b380000)
 Metaspace       used 9709K, capacity 9882K, committed 10112K, reserved 1058816K
  class space    used 1027K, capacity 1095K, committed 1152K, reserved 1048576K
}

